#! /usr/bin/vvp
:ivl_version "11.0 (stable)";
:ivl_delay_selection "TYPICAL";
:vpi_time_precision + 0;
:vpi_module "/usr/lib/x86_64-linux-gnu/ivl/system.vpi";
:vpi_module "/usr/lib/x86_64-linux-gnu/ivl/vhdl_sys.vpi";
:vpi_module "/usr/lib/x86_64-linux-gnu/ivl/vhdl_textio.vpi";
:vpi_module "/usr/lib/x86_64-linux-gnu/ivl/v2005_math.vpi";
:vpi_module "/usr/lib/x86_64-linux-gnu/ivl/va_math.vpi";
S_0x55d5a5972180 .scope module, "scpu" "scpu" 2 58;
 .timescale 0 0;
    .port_info 0 /INPUT 1 "clk";
    .port_info 1 /INPUT 1 "reset";
v0x55d5a599c310_0 .net *"_ivl_0", 31 0, L_0x55d5a599df00;  1 drivers
L_0x7efe010d0060 .functor BUFT 1, C4<0000000000000000>, C4<0>, C4<0>, C4<0>;
v0x55d5a599c3f0_0 .net *"_ivl_3", 15 0, L_0x7efe010d0060;  1 drivers
v0x55d5a599c4d0_0 .net "aluBMuxUseImm", 0 0, v0x55d5a5999650_0;  1 drivers
v0x55d5a599c5d0_0 .net "aluCmd", 3 0, v0x55d5a5999710_0;  1 drivers
o0x7efe01449678 .functor BUFZ 1, C4<z>; HiZ drive
v0x55d5a599c6c0_0 .net "clk", 0 0, o0x7efe01449678;  0 drivers
v0x55d5a599c800_0 .net "curPc", 31 0, v0x55d5a599ab90_0;  1 drivers
v0x55d5a599c8f0_0 .net "iReg", 31 0, L_0x55d5a599d8f0;  1 drivers
v0x55d5a599ca00_0 .net "imm", 15 0, v0x55d5a59999a0_0;  1 drivers
v0x55d5a599cac0_0 .net "inW", 31 0, v0x55d5a59990a0_0;  1 drivers
v0x55d5a599cbf0_0 .net "jmpFlag", 0 0, v0x55d5a5999a80_0;  1 drivers
v0x55d5a599cce0_0 .net "outA", 31 0, v0x55d5a599b3f0_0;  1 drivers
v0x55d5a599cdf0_0 .net "outB", 31 0, v0x55d5a599b500_0;  1 drivers
v0x55d5a599ceb0_0 .net "pcImm", 31 0, v0x55d5a5999c20_0;  1 drivers
o0x7efe014496d8 .functor BUFZ 1, C4<z>; HiZ drive
v0x55d5a599cfa0_0 .net "reset", 0 0, o0x7efe014496d8;  0 drivers
v0x55d5a599d090_0 .net "selA", 4 0, v0x55d5a599a080_0;  1 drivers
v0x55d5a599d1a0_0 .net "selB", 4 0, v0x55d5a599a160_0;  1 drivers
v0x55d5a599d2b0_0 .net "selW", 4 0, v0x55d5a599a240_0;  1 drivers
v0x55d5a599d4d0_0 .net "wWE", 0 0, v0x55d5a599a320_0;  1 drivers
L_0x55d5a599df00 .concat [ 16 16 0 0], v0x55d5a59999a0_0, L_0x7efe010d0060;
L_0x55d5a59adfb0 .functor MUXZ 32, v0x55d5a599b500_0, L_0x55d5a599df00, v0x55d5a5999650_0, C4<>;
S_0x55d5a5972310 .scope module, "alu_u" "alu" 2 78, 3 6 0, S_0x55d5a5972180;
 .timescale 0 0;
    .port_info 0 /INPUT 32 "a";
    .port_info 1 /INPUT 32 "b";
    .port_info 2 /OUTPUT 32 "outlo";
    .port_info 3 /INPUT 4 "funct";
v0x55d5a597b070_0 .net "a", 31 0, v0x55d5a599b3f0_0;  alias, 1 drivers
v0x55d5a595f2f0_0 .net "b", 31 0, L_0x55d5a59adfb0;  1 drivers
v0x55d5a5998fe0_0 .net "funct", 3 0, v0x55d5a5999710_0;  alias, 1 drivers
v0x55d5a59990a0_0 .var "outlo", 31 0;
E_0x55d5a5969de0 .event edge, v0x55d5a5998fe0_0, v0x55d5a597b070_0, v0x55d5a595f2f0_0;
S_0x55d5a5999200 .scope module, "decoder_u" "decoder" 2 76, 2 9 0, S_0x55d5a5972180;
 .timescale 0 0;
    .port_info 0 /INPUT 32 "iReg";
    .port_info 1 /OUTPUT 4 "aluCmd";
    .port_info 2 /OUTPUT 16 "imm";
    .port_info 3 /OUTPUT 1 "aluBMuxUseImm";
    .port_info 4 /OUTPUT 5 "selA";
    .port_info 5 /OUTPUT 5 "selB";
    .port_info 6 /OUTPUT 5 "selW";
    .port_info 7 /OUTPUT 1 "wWE";
    .port_info 8 /OUTPUT 32 "pcImm";
    .port_info 9 /OUTPUT 1 "jmpFlag";
L_0x55d5a599dd20 .functor BUFZ 32, L_0x55d5a599d8f0, C4<00000000000000000000000000000000>, C4<00000000000000000000000000000000>, C4<00000000000000000000000000000000>;
v0x55d5a5999550_0 .net *"_ivl_7", 31 0, L_0x55d5a599dd20;  1 drivers
v0x55d5a5999650_0 .var "aluBMuxUseImm", 0 0;
v0x55d5a5999710_0 .var "aluCmd", 3 0;
v0x55d5a59997b0_0 .net "iImm", 15 0, L_0x55d5a599de20;  1 drivers
v0x55d5a5999870_0 .net "iReg", 31 0, L_0x55d5a599d8f0;  alias, 1 drivers
v0x55d5a59999a0_0 .var "imm", 15 0;
v0x55d5a5999a80_0 .var "jmpFlag", 0 0;
v0x55d5a5999b40_0 .net "opcode", 5 0, L_0x55d5a599dc80;  1 drivers
v0x55d5a5999c20_0 .var "pcImm", 31 0;
v0x55d5a5999d00_0 .net "rFunct", 10 0, L_0x55d5a599d9b0;  1 drivers
v0x55d5a5999de0_0 .net "rd", 4 0, L_0x55d5a599dbe0;  1 drivers
v0x55d5a5999ec0_0 .net "rs1", 4 0, L_0x55d5a599db40;  1 drivers
v0x55d5a5999fa0_0 .net "rs2", 4 0, L_0x55d5a599da50;  1 drivers
v0x55d5a599a080_0 .var "selA", 4 0;
v0x55d5a599a160_0 .var "selB", 4 0;
v0x55d5a599a240_0 .var "selW", 4 0;
v0x55d5a599a320_0 .var "wWE", 0 0;
E_0x55d5a5954a30/0 .event edge, v0x55d5a5999ec0_0, v0x55d5a5999fa0_0, v0x55d5a5999de0_0, v0x55d5a5999b40_0;
E_0x55d5a5954a30/1 .event edge, v0x55d5a59997b0_0;
E_0x55d5a5954a30 .event/or E_0x55d5a5954a30/0, E_0x55d5a5954a30/1;
E_0x55d5a59652b0 .event edge, v0x55d5a5999b40_0, v0x55d5a5999d00_0;
L_0x55d5a599d9b0 .part L_0x55d5a599dd20, 21, 11;
L_0x55d5a599da50 .part L_0x55d5a599dd20, 16, 5;
L_0x55d5a599db40 .part L_0x55d5a599dd20, 11, 5;
L_0x55d5a599dbe0 .part L_0x55d5a599dd20, 6, 5;
L_0x55d5a599dc80 .part L_0x55d5a599dd20, 0, 6;
L_0x55d5a599de20 .part L_0x55d5a599d8f0, 16, 16;
S_0x55d5a599a690 .scope module, "pc_u" "pcu_unit" 2 61, 3 37 0, S_0x55d5a5972180;
 .timescale 0 0;
    .port_info 0 /INPUT 1 "clk";
    .port_info 1 /INPUT 1 "reset";
    .port_info 2 /INPUT 32 "pcIn";
    .port_info 3 /INPUT 1 "jmpFlag";
    .port_info 4 /OUTPUT 32 "pcOut";
v0x55d5a599a8c0_0 .net "clk", 0 0, o0x7efe01449678;  alias, 0 drivers
v0x55d5a599a9a0_0 .net "jmpFlag", 0 0, v0x55d5a5999a80_0;  alias, 1 drivers
v0x55d5a599aa90_0 .net "pcIn", 31 0, v0x55d5a5999c20_0;  alias, 1 drivers
v0x55d5a599ab90_0 .var "pcOut", 31 0;
v0x55d5a599ac30_0 .net "reset", 0 0, o0x7efe014496d8;  alias, 0 drivers
E_0x55d5a59652f0 .event posedge, v0x55d5a599a8c0_0;
S_0x55d5a599adc0 .scope module, "regs_u" "register_file" 2 68, 3 17 0, S_0x55d5a5972180;
 .timescale 0 0;
    .port_info 0 /INPUT 1 "clk";
    .port_info 1 /INPUT 1 "reset";
    .port_info 2 /INPUT 5 "selA";
    .port_info 3 /INPUT 5 "selB";
    .port_info 4 /OUTPUT 32 "outA";
    .port_info 5 /OUTPUT 32 "outB";
    .port_info 6 /INPUT 5 "selW";
    .port_info 7 /INPUT 1 "selWE";
    .port_info 8 /INPUT 32 "inW";
v0x55d5a599b0d0_0 .net "clk", 0 0, o0x7efe01449678;  alias, 0 drivers
v0x55d5a599b190_0 .var/i "i", 31 0;
v0x55d5a599b250_0 .net "inW", 31 0, v0x55d5a59990a0_0;  alias, 1 drivers
v0x55d5a599b350 .array "m_registers", 32 1, 31 0;
v0x55d5a599b3f0_0 .var "outA", 31 0;
v0x55d5a599b500_0 .var "outB", 31 0;
v0x55d5a599b5c0_0 .net "reset", 0 0, o0x7efe014496d8;  alias, 0 drivers
v0x55d5a599b690_0 .net "selA", 4 0, v0x55d5a599a080_0;  alias, 1 drivers
v0x55d5a599b760_0 .net "selB", 4 0, v0x55d5a599a160_0;  alias, 1 drivers
v0x55d5a599b830_0 .net "selW", 4 0, v0x55d5a599a240_0;  alias, 1 drivers
v0x55d5a599b900_0 .net "selWE", 0 0, v0x55d5a599a320_0;  alias, 1 drivers
S_0x55d5a599bab0 .scope module, "rom_u" "scpu_rom" 2 71, 2 50 0, S_0x55d5a5972180;
 .timescale 0 0;
    .port_info 0 /INPUT 32 "pc";
    .port_info 1 /OUTPUT 32 "iReg";
L_0x55d5a599d8f0 .functor BUFZ 32, L_0x55d5a599d620, C4<00000000000000000000000000000000>, C4<00000000000000000000000000000000>, C4<00000000000000000000000000000000>;
v0x55d5a599bcb0_0 .net *"_ivl_0", 31 0, L_0x55d5a599d620;  1 drivers
v0x55d5a599bdb0_0 .net *"_ivl_2", 31 0, L_0x55d5a599d760;  1 drivers
v0x55d5a599be90_0 .net *"_ivl_4", 27 0, L_0x55d5a599d6c0;  1 drivers
L_0x7efe010d0018 .functor BUFT 1, C4<0000>, C4<0>, C4<0>, C4<0>;
v0x55d5a599bf50_0 .net *"_ivl_6", 3 0, L_0x7efe010d0018;  1 drivers
v0x55d5a599c030_0 .net "iReg", 31 0, L_0x55d5a599d8f0;  alias, 1 drivers
v0x55d5a599c140 .array "memory", 32767 0, 31 0;
v0x55d5a599c1e0_0 .net "pc", 31 0, v0x55d5a599ab90_0;  alias, 1 drivers
L_0x55d5a599d620 .array/port v0x55d5a599c140, L_0x55d5a599d760;
L_0x55d5a599d6c0 .part v0x55d5a599ab90_0, 4, 28;
L_0x55d5a599d760 .concat [ 28 4 0 0], L_0x55d5a599d6c0, L_0x7efe010d0018;
    .scope S_0x55d5a599a690;
T_0 ;
    %wait E_0x55d5a59652f0;
    %load/vec4 v0x55d5a599ac30_0;
    %flag_set/vec4 8;
    %jmp/0xz  T_0.0, 8;
    %pushi/vec4 0, 0, 32;
    %assign/vec4 v0x55d5a599ab90_0, 0;
    %jmp T_0.1;
T_0.0 ;
    %load/vec4 v0x55d5a599a9a0_0;
    %flag_set/vec4 8;
    %jmp/0xz  T_0.2, 8;
    %load/vec4 v0x55d5a599aa90_0;
    %assign/vec4 v0x55d5a599ab90_0, 0;
    %jmp T_0.3;
T_0.2 ;
    %load/vec4 v0x55d5a599ab90_0;
    %addi 4, 0, 32;
    %assign/vec4 v0x55d5a599ab90_0, 0;
T_0.3 ;
T_0.1 ;
    %jmp T_0;
    .thread T_0;
    .scope S_0x55d5a599adc0;
T_1 ;
    %wait E_0x55d5a59652f0;
    %load/vec4 v0x55d5a599b5c0_0;
    %flag_set/vec4 8;
    %jmp/0xz  T_1.0, 8;
    %pushi/vec4 1, 0, 32;
    %store/vec4 v0x55d5a599b190_0, 0, 32;
T_1.2 ;
    %load/vec4 v0x55d5a599b190_0;
    %cmpi/s 32, 0, 32;
    %jmp/0xz T_1.3, 5;
    %pushi/vec4 0, 0, 32;
    %load/vec4 v0x55d5a599b190_0;
    %subi 1, 0, 32;
    %ix/vec4/s 4;
    %store/vec4a v0x55d5a599b350, 4, 0;
    ; show_stmt_assign_vector: Get l-value for compressed += operand
    %load/vec4 v0x55d5a599b190_0;
    %pushi/vec4 1, 0, 32;
    %add;
    %store/vec4 v0x55d5a599b190_0, 0, 32;
    %jmp T_1.2;
T_1.3 ;
    %jmp T_1.1;
T_1.0 ;
    %load/vec4 v0x55d5a599b690_0;
    %pad/u 32;
    %cmpi/e 0, 0, 32;
    %flag_mov 8, 4;
    %jmp/0 T_1.4, 8;
    %pushi/vec4 0, 0, 32;
    %jmp/1 T_1.5, 8;
T_1.4 ; End of true expr.
    %load/vec4 v0x55d5a599b690_0;
    %pad/u 7;
    %subi 1, 0, 7;
    %ix/vec4 4;
    %load/vec4a v0x55d5a599b350, 4;
    %jmp/0 T_1.5, 8;
 ; End of false expr.
    %blend;
T_1.5;
    %assign/vec4 v0x55d5a599b3f0_0, 0;
    %load/vec4 v0x55d5a599b760_0;
    %pad/u 32;
    %cmpi/e 0, 0, 32;
    %flag_mov 8, 4;
    %jmp/0 T_1.6, 8;
    %pushi/vec4 0, 0, 32;
    %jmp/1 T_1.7, 8;
T_1.6 ; End of true expr.
    %load/vec4 v0x55d5a599b760_0;
    %pad/u 7;
    %subi 1, 0, 7;
    %ix/vec4 4;
    %load/vec4a v0x55d5a599b350, 4;
    %jmp/0 T_1.7, 8;
 ; End of false expr.
    %blend;
T_1.7;
    %assign/vec4 v0x55d5a599b500_0, 0;
    %load/vec4 v0x55d5a599b900_0;
    %flag_set/vec4 8;
    %jmp/0xz  T_1.8, 8;
    %load/vec4 v0x55d5a599b250_0;
    %load/vec4 v0x55d5a599b830_0;
    %pad/u 7;
    %subi 1, 0, 7;
    %ix/vec4 3;
    %ix/load 4, 0, 0; Constant delay
    %assign/vec4/a/d v0x55d5a599b350, 0, 4;
T_1.8 ;
T_1.1 ;
    %jmp T_1;
    .thread T_1;
    .scope S_0x55d5a599bab0;
T_2 ;
    %vpi_call 2 53 "$readmemh", "output.hex", v0x55d5a599c140 {0 0 0};
    %end;
    .thread T_2;
    .scope S_0x55d5a5999200;
T_3 ;
    %wait E_0x55d5a59652b0;
    %load/vec4 v0x55d5a5999b40_0;
    %dup/vec4;
    %pushi/vec4 0, 0, 6;
    %cmp/u;
    %jmp/1 T_3.0, 6;
    %dup/vec4;
    %pushi/vec4 1, 0, 6;
    %cmp/u;
    %jmp/1 T_3.1, 6;
    %dup/vec4;
    %pushi/vec4 3, 0, 6;
    %cmp/u;
    %jmp/1 T_3.2, 6;
    %dup/vec4;
    %pushi/vec4 4, 0, 6;
    %cmp/u;
    %jmp/1 T_3.3, 6;
    %dup/vec4;
    %pushi/vec4 2, 0, 6;
    %cmp/u;
    %jmp/1 T_3.4, 6;
    %jmp T_3.5;
T_3.0 ;
    %pushi/vec4 0, 0, 4;
    %assign/vec4 v0x55d5a5999710_0, 0;
    %jmp T_3.5;
T_3.1 ;
    %load/vec4 v0x55d5a5999d00_0;
    %dup/vec4;
    %pushi/vec4 0, 0, 11;
    %cmp/u;
    %jmp/1 T_3.6, 6;
    %dup/vec4;
    %pushi/vec4 1, 0, 11;
    %cmp/u;
    %jmp/1 T_3.7, 6;
    %dup/vec4;
    %pushi/vec4 2, 0, 11;
    %cmp/u;
    %jmp/1 T_3.8, 6;
    %jmp T_3.9;
T_3.6 ;
    %pushi/vec4 1, 0, 4;
    %assign/vec4 v0x55d5a5999710_0, 0;
    %jmp T_3.9;
T_3.7 ;
    %pushi/vec4 2, 0, 4;
    %assign/vec4 v0x55d5a5999710_0, 0;
    %jmp T_3.9;
T_3.8 ;
    %pushi/vec4 3, 0, 4;
    %assign/vec4 v0x55d5a5999710_0, 0;
    %jmp T_3.9;
T_3.9 ;
    %pop/vec4 1;
    %jmp T_3.5;
T_3.2 ;
    %pushi/vec4 1, 0, 4;
    %assign/vec4 v0x55d5a5999710_0, 0;
    %jmp T_3.5;
T_3.3 ;
    %pushi/vec4 2, 0, 4;
    %assign/vec4 v0x55d5a5999710_0, 0;
    %jmp T_3.5;
T_3.4 ;
    %pushi/vec4 0, 0, 4;
    %assign/vec4 v0x55d5a5999710_0, 0;
    %jmp T_3.5;
T_3.5 ;
    %pop/vec4 1;
    %jmp T_3;
    .thread T_3, $push;
    .scope S_0x55d5a5999200;
T_4 ;
    %wait E_0x55d5a5954a30;
    %load/vec4 v0x55d5a5999ec0_0;
    %assign/vec4 v0x55d5a599a080_0, 0;
    %load/vec4 v0x55d5a5999fa0_0;
    %assign/vec4 v0x55d5a599a160_0, 0;
    %load/vec4 v0x55d5a5999de0_0;
    %assign/vec4 v0x55d5a599a240_0, 0;
    %load/vec4 v0x55d5a5999b40_0;
    %pad/u 32;
    %pushi/vec4 1, 0, 32;
    %cmp/e;
    %flag_get/vec4 4;
    %assign/vec4 v0x55d5a599a320_0, 0;
    %load/vec4 v0x55d5a5999b40_0;
    %pad/u 32;
    %pushi/vec4 3, 0, 32;
    %cmp/e;
    %flag_get/vec4 4;
    %load/vec4 v0x55d5a5999b40_0;
    %pad/u 32;
    %pushi/vec4 4, 0, 32;
    %cmp/e;
    %flag_get/vec4 4;
    %or;
    %assign/vec4 v0x55d5a5999650_0, 0;
    %load/vec4 v0x55d5a59997b0_0;
    %pad/u 32;
    %assign/vec4 v0x55d5a5999c20_0, 0;
    %load/vec4 v0x55d5a5999b40_0;
    %pad/u 32;
    %pushi/vec4 2, 0, 32;
    %cmp/e;
    %flag_get/vec4 4;
    %assign/vec4 v0x55d5a5999a80_0, 0;
    %jmp T_4;
    .thread T_4, $push;
    .scope S_0x55d5a5972310;
T_5 ;
    %wait E_0x55d5a5969de0;
    %load/vec4 v0x55d5a5998fe0_0;
    %dup/vec4;
    %pushi/vec4 1, 0, 4;
    %cmp/u;
    %jmp/1 T_5.0, 6;
    %dup/vec4;
    %pushi/vec4 2, 0, 4;
    %cmp/u;
    %jmp/1 T_5.1, 6;
    %jmp T_5.2;
T_5.0 ;
    %load/vec4 v0x55d5a597b070_0;
    %load/vec4 v0x55d5a595f2f0_0;
    %add;
    %assign/vec4 v0x55d5a59990a0_0, 0;
    %jmp T_5.2;
T_5.1 ;
    %load/vec4 v0x55d5a597b070_0;
    %load/vec4 v0x55d5a595f2f0_0;
    %sub;
    %assign/vec4 v0x55d5a59990a0_0, 0;
    %jmp T_5.2;
T_5.2 ;
    %pop/vec4 1;
    %jmp T_5;
    .thread T_5, $push;
# The file index is used to find the file name in the following table.
:file_names 4;
    "N/A";
    "<interactive>";
    "cpu.v";
    "./base.v";
